<?xml version="1.0" encoding="UTF-8"?>
<!-- Generated by org.testng.reporters.JUnitXMLReporter -->
<testsuite ignored="0" hostname="kshitiz_gupta" failures="0" tests="9" name="Default test" time="13.61" errors="0" timestamp="2024-08-24T19:18:51 IST">
  <testcase classname="api.tests.DPUserTests" name="testPostUser" time="3.034"/>
  <testcase classname="api.tests.DPUserTests" name="testPostUser" time="1.184"/>
  <testcase classname="api.tests.DPUserTests" name="testPostUser" time="1.24"/>
  <testcase classname="api.tests.DPUserTests" name="testGetUserByName" time="1.19"/>
  <testcase classname="api.tests.DPUserTests" name="testGetUserByName" time="1.226"/>
  <testcase classname="api.tests.DPUserTests" name="testGetUserByName" time="1.22"/>
  <testcase classname="api.tests.DPUserTests" name="testdeleteUserByName" time="1.193"/>
  <testcase classname="api.tests.DPUserTests" name="testdeleteUserByName" time="1.2"/>
  <testcase classname="api.tests.DPUserTests" name="testdeleteUserByName" time="1.113"/>
</testsuite> <!-- Default test -->
