<?xml version="1.0" encoding="UTF-8"?>
<!-- Generated by org.testng.reporters.JUnitXMLReporter -->
<testsuite ignored="0" hostname="kshitiz_gupta" failures="0" tests="4" name="Test" time="15.161" errors="0" timestamp="2024-08-24T17:38:05 IST">
  <testcase classname="api.tests.UserTests" name="testPostUser" time="4.581"/>
  <testcase classname="api.tests.UserTests" name="testGetUserByName" time="2.249"/>
  <testcase classname="api.tests.UserTests" name="testUpdateUser" time="2.905"/>
  <testcase classname="api.tests.UserTests" name="testdeleteUserByName" time="4.82"/>
</testsuite> <!-- Test -->
