<?xml version="1.0" encoding="UTF-8"?>
<testng-results ignored="0" total="9" passed="9" failed="0" skipped="0">
  <reporter-output>
  </reporter-output>
  <suite started-at="2024-08-24T19:18:37 IST" name="Default suite" finished-at="2024-08-24T19:18:51 IST" duration-ms="13610">
    <groups>
    </groups>
    <test started-at="2024-08-24T19:18:37 IST" name="Default test" finished-at="2024-08-24T19:18:51 IST" duration-ms="13610">
      <class name="api.tests.DPUserTests">
        <test-method signature="testPostUser(java.lang.String,java.lang.String,java.lang.String,java.lang.String,java.lang.String,java.lang.String,java.lang.String)[pri:0, instance:api.tests.DPUserTests@3e96bacf]" started-at="2024-08-24T19:18:38 IST" name="testPostUser" data-provider="Data" finished-at="2024-08-24T19:18:41 IST" duration-ms="3034" status="PASS">
          <params>
            <param index="0">
              <value>
                <![CDATA[1010]]>
              </value>
            </param>
            <param index="1">
              <value>
                <![CDATA[testuser1]]>
              </value>
            </param>
            <param index="2">
              <value>
                <![CDATA[kom]]>
              </value>
            </param>
            <param index="3">
              <value>
                <![CDATA[sharma]]>
              </value>
            </param>
            <param index="4">
              <value>
                <![CDATA[kim@yopmail.com]]>
              </value>
            </param>
            <param index="5">
              <value>
                <![CDATA[12345]]>
              </value>
            </param>
            <param index="6">
              <value>
                <![CDATA[1234567899]]>
              </value>
            </param>
          </params>
          <reporter-output>
          </reporter-output>
        </test-method> <!-- testPostUser -->
        <test-method signature="testPostUser(java.lang.String,java.lang.String,java.lang.String,java.lang.String,java.lang.String,java.lang.String,java.lang.String)[pri:0, instance:api.tests.DPUserTests@3e96bacf]" started-at="2024-08-24T19:18:41 IST" name="testPostUser" data-provider="Data" finished-at="2024-08-24T19:18:42 IST" duration-ms="1184" status="PASS">
          <params>
            <param index="0">
              <value>
                <![CDATA[1020]]>
              </value>
            </param>
            <param index="1">
              <value>
                <![CDATA[testuser2]]>
              </value>
            </param>
            <param index="2">
              <value>
                <![CDATA[rim]]>
              </value>
            </param>
            <param index="3">
              <value>
                <![CDATA[kumar]]>
              </value>
            </param>
            <param index="4">
              <value>
                <![CDATA[rim@yopmail.com]]>
              </value>
            </param>
            <param index="5">
              <value>
                <![CDATA[12345]]>
              </value>
            </param>
            <param index="6">
              <value>
                <![CDATA[1234567898]]>
              </value>
            </param>
          </params>
          <reporter-output>
          </reporter-output>
        </test-method> <!-- testPostUser -->
        <test-method signature="testPostUser(java.lang.String,java.lang.String,java.lang.String,java.lang.String,java.lang.String,java.lang.String,java.lang.String)[pri:0, instance:api.tests.DPUserTests@3e96bacf]" started-at="2024-08-24T19:18:42 IST" name="testPostUser" data-provider="Data" finished-at="2024-08-24T19:18:43 IST" duration-ms="1240" status="PASS">
          <params>
            <param index="0">
              <value>
                <![CDATA[1030]]>
              </value>
            </param>
            <param index="1">
              <value>
                <![CDATA[testuser3]]>
              </value>
            </param>
            <param index="2">
              <value>
                <![CDATA[sim]]>
              </value>
            </param>
            <param index="3">
              <value>
                <![CDATA[tyagi]]>
              </value>
            </param>
            <param index="4">
              <value>
                <![CDATA[sim@yopmail.com]]>
              </value>
            </param>
            <param index="5">
              <value>
                <![CDATA[12345]]>
              </value>
            </param>
            <param index="6">
              <value>
                <![CDATA[1234567897]]>
              </value>
            </param>
          </params>
          <reporter-output>
          </reporter-output>
        </test-method> <!-- testPostUser -->
        <test-method signature="testGetUserByName(java.lang.String)[pri:1, instance:api.tests.DPUserTests@3e96bacf]" started-at="2024-08-24T19:18:44 IST" name="testGetUserByName" data-provider="UserName" finished-at="2024-08-24T19:18:45 IST" duration-ms="1190" status="PASS">
          <params>
            <param index="0">
              <value>
                <![CDATA[testuser1]]>
              </value>
            </param>
          </params>
          <reporter-output>
          </reporter-output>
        </test-method> <!-- testGetUserByName -->
        <test-method signature="testGetUserByName(java.lang.String)[pri:1, instance:api.tests.DPUserTests@3e96bacf]" started-at="2024-08-24T19:18:45 IST" name="testGetUserByName" data-provider="UserName" finished-at="2024-08-24T19:18:46 IST" duration-ms="1226" status="PASS">
          <params>
            <param index="0">
              <value>
                <![CDATA[testuser2]]>
              </value>
            </param>
          </params>
          <reporter-output>
          </reporter-output>
        </test-method> <!-- testGetUserByName -->
        <test-method signature="testGetUserByName(java.lang.String)[pri:1, instance:api.tests.DPUserTests@3e96bacf]" started-at="2024-08-24T19:18:46 IST" name="testGetUserByName" data-provider="UserName" finished-at="2024-08-24T19:18:47 IST" duration-ms="1220" status="PASS">
          <params>
            <param index="0">
              <value>
                <![CDATA[testuser3]]>
              </value>
            </param>
          </params>
          <reporter-output>
          </reporter-output>
        </test-method> <!-- testGetUserByName -->
        <test-method signature="testdeleteUserByName(java.lang.String)[pri:2, instance:api.tests.DPUserTests@3e96bacf]" started-at="2024-08-24T19:18:47 IST" name="testdeleteUserByName" data-provider="UserName" finished-at="2024-08-24T19:18:48 IST" duration-ms="1193" status="PASS">
          <params>
            <param index="0">
              <value>
                <![CDATA[testuser1]]>
              </value>
            </param>
          </params>
          <reporter-output>
          </reporter-output>
        </test-method> <!-- testdeleteUserByName -->
        <test-method signature="testdeleteUserByName(java.lang.String)[pri:2, instance:api.tests.DPUserTests@3e96bacf]" started-at="2024-08-24T19:18:48 IST" name="testdeleteUserByName" data-provider="UserName" finished-at="2024-08-24T19:18:50 IST" duration-ms="1200" status="PASS">
          <params>
            <param index="0">
              <value>
                <![CDATA[testuser2]]>
              </value>
            </param>
          </params>
          <reporter-output>
          </reporter-output>
        </test-method> <!-- testdeleteUserByName -->
        <test-method signature="testdeleteUserByName(java.lang.String)[pri:2, instance:api.tests.DPUserTests@3e96bacf]" started-at="2024-08-24T19:18:50 IST" name="testdeleteUserByName" data-provider="UserName" finished-at="2024-08-24T19:18:51 IST" duration-ms="1113" status="PASS">
          <params>
            <param index="0">
              <value>
                <![CDATA[testuser3]]>
              </value>
            </param>
          </params>
          <reporter-output>
          </reporter-output>
        </test-method> <!-- testdeleteUserByName -->
      </class> <!-- api.tests.DPUserTests -->
    </test> <!-- Default test -->
  </suite> <!-- Default suite -->
</testng-results>
